[2025-10-17T16:18:25,019][INFO ][o.e.p.PluginsService     ] [soc-jim] loaded module [constant-keyword]
[2025-10-17T16:18:25,019][INFO ][o.e.p.PluginsService     ] [soc-jim] loaded module [x-pack-logstash]
[2025-10-17T16:18:25,020][INFO ][o.e.p.PluginsService     ] [soc-jim] loaded module [x-pack-ccr]
[2025-10-17T16:18:25,020][INFO ][o.e.p.PluginsService     ] [soc-jim] loaded module [x-pack-graph]
[2025-10-17T16:18:25,020][INFO ][o.e.p.PluginsService     ] [soc-jim] loaded module [rank-vectors]
[2025-10-17T16:18:25,021][INFO ][o.e.p.PluginsService     ] [soc-jim] loaded module [x-pack-esql]
[2025-10-17T16:18:25,021][INFO ][o.e.p.PluginsService     ] [soc-jim] loaded module [parent-join]
[2025-10-17T16:18:25,021][INFO ][o.e.p.PluginsService     ] [soc-jim] loaded module [counted-keyword]
[2025-10-17T16:18:25,021][INFO ][o.e.p.PluginsService     ] [soc-jim] loaded module [x-pack-enrich]
[2025-10-17T16:18:25,022][INFO ][o.e.p.PluginsService     ] [soc-jim] loaded module [repositories-metering-api]
[2025-10-17T16:18:25,022][INFO ][o.e.p.PluginsService     ] [soc-jim] loaded module [transform]
[2025-10-17T16:18:25,023][INFO ][o.e.p.PluginsService     ] [soc-jim] loaded module [repository-azure]
[2025-10-17T16:18:25,023][INFO ][o.e.p.PluginsService     ] [soc-jim] loaded module [dot-prefix-validation]
[2025-10-17T16:18:25,024][INFO ][o.e.p.PluginsService     ] [soc-jim] loaded module [repository-gcs]
[2025-10-17T16:18:25,024][INFO ][o.e.p.PluginsService     ] [soc-jim] loaded module [x-pack-otel-data]
[2025-10-17T16:18:25,024][INFO ][o.e.p.PluginsService     ] [soc-jim] loaded module [spatial]
[2025-10-17T16:18:25,024][INFO ][o.e.p.PluginsService     ] [soc-jim] loaded module [mapper-version]
[2025-10-17T16:18:25,025][INFO ][o.e.p.PluginsService     ] [soc-jim] loaded module [apm]
[2025-10-17T16:18:25,025][INFO ][o.e.p.PluginsService     ] [soc-jim] loaded module [mapper-extras]
[2025-10-17T16:18:25,025][INFO ][o.e.p.PluginsService     ] [soc-jim] loaded module [x-pack-rollup]
[2025-10-17T16:18:25,025][INFO ][o.e.p.PluginsService     ] [soc-jim] loaded module [percolator]
[2025-10-17T16:18:25,026][INFO ][o.e.p.PluginsService     ] [soc-jim] loaded module [x-pack-migrate]
[2025-10-17T16:18:25,026][INFO ][o.e.p.PluginsService     ] [soc-jim] loaded module [x-pack-stack]
[2025-10-17T16:18:25,027][INFO ][o.e.p.PluginsService     ] [soc-jim] loaded module [data-streams]
[2025-10-17T16:18:25,027][INFO ][o.e.p.PluginsService     ] [soc-jim] loaded module [reindex]
[2025-10-17T16:18:25,027][INFO ][o.e.p.PluginsService     ] [soc-jim] loaded module [systemd]
[2025-10-17T16:18:25,027][INFO ][o.e.p.PluginsService     ] [soc-jim] loaded module [rank-eval]
[2025-10-17T16:18:25,028][INFO ][o.e.p.PluginsService     ] [soc-jim] loaded module [streams]
[2025-10-17T16:18:25,028][INFO ][o.e.p.PluginsService     ] [soc-jim] loaded module [x-pack-security]
[2025-10-17T16:18:25,028][INFO ][o.e.p.PluginsService     ] [soc-jim] loaded module [blob-cache]
[2025-10-17T16:18:25,028][INFO ][o.e.p.PluginsService     ] [soc-jim] loaded module [searchable-snapshots]
[2025-10-17T16:18:25,029][INFO ][o.e.p.PluginsService     ] [soc-jim] loaded module [x-pack-slm]
[2025-10-17T16:18:25,029][INFO ][o.e.p.PluginsService     ] [soc-jim] loaded module [x-pack-geoip-enterprise-downloader]
[2025-10-17T16:18:25,029][INFO ][o.e.p.PluginsService     ] [soc-jim] loaded module [snapshot-based-recoveries]
[2025-10-17T16:18:25,029][INFO ][o.e.p.PluginsService     ] [soc-jim] loaded module [x-pack-watcher]
[2025-10-17T16:18:25,030][INFO ][o.e.p.PluginsService     ] [soc-jim] loaded module [old-lucene-versions]
[2025-10-17T16:18:25,030][INFO ][o.e.p.PluginsService     ] [soc-jim] loaded module [x-pack-ilm]
[2025-10-17T16:18:25,030][INFO ][o.e.p.PluginsService     ] [soc-jim] loaded module [x-pack-voting-only-node]
[2025-10-17T16:18:25,030][INFO ][o.e.p.PluginsService     ] [soc-jim] loaded module [x-pack-inference]
[2025-10-17T16:18:25,031][INFO ][o.e.p.PluginsService     ] [soc-jim] loaded module [x-pack-deprecation]
[2025-10-17T16:18:25,031][INFO ][o.e.p.PluginsService     ] [soc-jim] loaded module [x-pack-fleet]
[2025-10-17T16:18:25,031][INFO ][o.e.p.PluginsService     ] [soc-jim] loaded module [x-pack-profiling]
[2025-10-17T16:18:25,031][INFO ][o.e.p.PluginsService     ] [soc-jim] loaded module [x-pack-aggregate-metric]
[2025-10-17T16:18:25,032][INFO ][o.e.p.PluginsService     ] [soc-jim] loaded module [x-pack-downsample]
[2025-10-17T16:18:25,032][INFO ][o.e.p.PluginsService     ] [soc-jim] loaded module [ingest-geoip]
[2025-10-17T16:18:25,032][INFO ][o.e.p.PluginsService     ] [soc-jim] loaded module [x-pack-write-load-forecaster]
[2025-10-17T16:18:25,032][INFO ][o.e.p.PluginsService     ] [soc-jim] loaded module [wildcard]
[2025-10-17T16:18:25,032][INFO ][o.e.p.PluginsService     ] [soc-jim] loaded module [ingest-attachment]
[2025-10-17T16:18:25,033][INFO ][o.e.p.PluginsService     ] [soc-jim] loaded module [x-pack-apm-data]
[2025-10-17T16:18:25,033][INFO ][o.e.p.PluginsService     ] [soc-jim] loaded module [x-pack-sql]
[2025-10-17T16:18:25,033][INFO ][o.e.p.PluginsService     ] [soc-jim] loaded module [unsigned-long]
[2025-10-17T16:18:25,033][INFO ][o.e.p.PluginsService     ] [soc-jim] loaded module [x-pack-async]
[2025-10-17T16:18:25,034][INFO ][o.e.p.PluginsService     ] [soc-jim] loaded module [runtime-fields-common]
[2025-10-17T16:18:25,034][INFO ][o.e.p.PluginsService     ] [soc-jim] loaded module [x-pack-kql]
[2025-10-17T16:18:25,034][INFO ][o.e.p.PluginsService     ] [soc-jim] loaded module [vector-tile]
[2025-10-17T16:18:25,034][INFO ][o.e.p.PluginsService     ] [soc-jim] loaded module [lang-expression]
[2025-10-17T16:18:25,035][INFO ][o.e.p.PluginsService     ] [soc-jim] loaded module [ingest-otel]
[2025-10-17T16:18:25,035][INFO ][o.e.p.PluginsService     ] [soc-jim] loaded module [x-pack-eql]
[2025-10-17T16:18:25,713][WARN ][stderr                   ] [soc-jim] SLF4J: No SLF4J providers were found.
[2025-10-17T16:18:25,714][WARN ][stderr                   ] [soc-jim] SLF4J: Defaulting to no-operation (NOP) logger implementation
[2025-10-17T16:18:25,714][WARN ][stderr                   ] [soc-jim] SLF4J: See https://www.slf4j.org/codes.html#noProviders for further details.
[2025-10-17T16:18:28,364][INFO ][o.e.e.NodeEnvironment    ] [soc-jim] using [1] data paths, mounts [[/ (/dev/sda3)]], net usable_space [80gb], net total_space [97.8gb], types [ext4]
[2025-10-17T16:18:28,367][INFO ][o.e.e.NodeEnvironment    ] [soc-jim] heap size [7.8gb], compressed ordinary object pointers [true]
[2025-10-17T16:18:28,555][INFO ][o.e.n.Node               ] [soc-jim] node name [soc-jim], node ID [aqGwaVdTROGNgmUvBOx4EA], cluster name [capstone-jim], roles [data_content, transform, data_hot, ml, data_frozen, ingest, data_cold, data, remote_cluster_client, master, data_warm]
[2025-10-17T16:18:35,618][INFO ][o.e.f.FeatureService     ] [soc-jim] Registered local node features [cluster.stats.source_modes, data_stream.auto_sharding, data_stream.failure_store, data_stream.lifecycle.global_retention, data_stream.rollover.lazy, desired_node.version_deprecated, esql.agg_values, esql.async_query, esql.base64_decode_encode, esql.casting_operator, esql.counter_types, esql.disable_nullable_opts, esql.from_options, esql.metadata_fields, esql.metrics_counter_fields, esql.mv_ordering_sorted_ascending, esql.mv_sort, esql.resolve_fields_api, esql.spatial_points_from_source, esql.spatial_shapes, esql.st_centroid_agg, esql.st_contains_within, esql.st_disjoint, esql.st_intersects, esql.st_x_y, esql.string_literal_auto_casting, esql.string_literal_auto_casting_extended, esql.timespan_abbreviations, features_supported, file_settings, flattened.ignore_above_support, geoip.downloader.database.configuration, get_database_configuration_action.multi_node, health.dsl.info, health.extended_repository_indicator, knn_retriever_supported, license-trial-independent-version, linear_retriever_supported, logsdb_telemetry, logsdb_telemetry_stats, mapper.boolean_dimension, mapper.flattened.ignore_above_with_arrays_support, mapper.ignore_above_index_level_setting, mapper.index_sorting_on_nested, mapper.keyword_dimension_ignore_above, mapper.keyword_normalizer_synthetic_source, mapper.pass_through_priority, mapper.query_index_mode, mapper.range.null_values_off_by_one_fix, mapper.segment_level_fields_stats, mapper.source.synthetic_source_copy_to_fix, mapper.source.synthetic_source_copy_to_inside_objects_fix, mapper.source.synthetic_source_fallback, mapper.source.synthetic_source_stored_fields_advance_fix, mapper.source.synthetic_source_with_copy_to_and_doc_values_false, mapper.subobjects_auto, mapper.subobjects_auto_fixes, mapper.synthetic_source_keep, mapper.track_ignored_source, mapper.vectors.bbq, mapper.vectors.bit_vectors, mapper.vectors.int4_quantization, put_database_configuration_action.ipinfo, query_rule_list_types, query_rule_retriever_supported, query_rules.test, random_reranker_retriever_supported, repositories.supports_usage_stats, rest.capabilities_action, rest.local_only_capabilities, retrievers_supported, routing.boolean_routing_path, routing.multi_value_routing_path, rrf_retriever_composition_supported, rrf_retriever_supported, script.hamming, script.term_stats, search.vectors.k_param_supported, security.migration_framework, security.queryable_built_in_roles, security.role_mapping_cleanup, security.roles_metadata_flattened, semantic_text.default_elser_2, semantic_text.search_inference_id, simulate.component.template.substitutions, simulate.ignored.fields, simulate.index.template.substitutions, simulate.mapping.addition, simulate.mapping.validation, simulate.mapping.validation.templates, simulate.support.non.template.mapping, slm.interval_schedule, snapshot.repository_verify_integrity, standard_retriever_supported, stats.include_disk_thresholds, text_similarity_reranker_retriever_composition_supported, text_similarity_reranker_retriever_supported, tsdb.ts_routing_hash_doc_value_parse_byte_ref, unified_highlighter_matched_fields, usage.data_tiers.precalculate_stats]
[2025-10-17T16:18:37,480][INFO ][o.e.i.r.RecoverySettings ] [soc-jim] using rate limit [40mb] with [default=40mb, read=0b, write=0b, max=0b]
[2025-10-17T16:18:37,843][INFO ][o.e.c.m.DataStreamGlobalRetentionSettings] [soc-jim] Updated global default retention to [null]
[2025-10-17T16:18:37,845][INFO ][o.e.c.m.DataStreamGlobalRetentionSettings] [soc-jim] Updated global max retention to [null]
[2025-10-17T16:18:37,846][INFO ][o.e.c.m.DataStreamGlobalRetentionSettings] [soc-jim] Updated failures default retention to [30d]
[2025-10-17T16:18:37,847][INFO ][o.e.c.m.DataStreamFailureStoreSettings] [soc-jim] Updated data stream name patterns for enabling failure store to [[]]
[2025-10-17T16:18:38,919][INFO ][o.e.x.m.p.l.CppLogMessageHandler] [soc-jim] [controller/5669] [Main.cc@123] controller (64 bit): Version 8.19.5 (Build 41e13efcbc40e9) Copyright (c) 2025 Elasticsearch BV
[2025-10-17T16:18:39,791][INFO ][o.e.x.o.OTelPlugin       ] [soc-jim] OTel ingest plugin is enabled
[2025-10-17T16:18:39,932][INFO ][o.e.x.c.t.YamlTemplateRegistry] [soc-jim] OpenTelemetry index template registry is enabled
[2025-10-17T16:18:39,947][INFO ][o.e.t.a.APM              ] [soc-jim] Sending apm metrics is disabled
[2025-10-17T16:18:39,948][INFO ][o.e.t.a.APM              ] [soc-jim] Sending apm tracing is disabled
[2025-10-17T16:18:40,053][INFO ][o.e.x.s.Security         ] [soc-jim] Security is enabled
[2025-10-17T16:18:40,733][INFO ][o.e.x.s.a.s.FileRolesStore] [soc-jim] parsed [0] roles from file [/etc/elasticsearch/roles.yml]
[2025-10-17T16:18:41,206][INFO ][o.e.x.s.InitialNodeSecurityAutoConfiguration] [soc-jim] Auto-configuration will not generate a password for the elastic built-in superuser, as we cannot  determine if there is a terminal attached to the elasticsearch process. You can use the `bin/elasticsearch-reset-password` tool to set the password for the elastic user.
[2025-10-17T16:18:41,851][INFO ][o.e.x.w.Watcher          ] [soc-jim] Watcher initialized components at 2025-10-17T20:18:41.849Z
[2025-10-17T16:18:42,030][INFO ][o.e.x.p.ProfilingPlugin  ] [soc-jim] Profiling is enabled
[2025-10-17T16:18:42,060][INFO ][o.e.x.p.ProfilingPlugin  ] [soc-jim] profiling index templates will not be installed or reinstalled
[2025-10-17T16:18:42,082][INFO ][o.e.x.a.APMPlugin        ] [soc-jim] APM ingest plugin is enabled
[2025-10-17T16:18:42,148][INFO ][o.e.x.c.t.YamlTemplateRegistry] [soc-jim] apm index template registry is enabled
[2025-10-17T16:18:42,989][INFO ][o.e.t.n.NettyAllocator   ] [soc-jim] creating NettyAllocator with the following configs: [name=elasticsearch_configured, chunk_size=1mb, suggested_max_allocation_size=1mb, factors={es.unsafe.use_netty_default_chunk_and_page_size=false, g1gc_enabled=true, g1gc_region_size=4mb}]
[2025-10-17T16:18:43,091][INFO ][o.e.d.DiscoveryModule    ] [soc-jim] using discovery type [multi-node] and seed hosts providers [settings]
[2025-10-17T16:18:46,190][INFO ][o.e.n.Node               ] [soc-jim] initialized
[2025-10-17T16:18:46,193][INFO ][o.e.n.Node               ] [soc-jim] starting ...
[2025-10-17T16:18:52,515][INFO ][o.e.x.s.c.f.PersistentCache] [soc-jim] persistent cache index loaded
[2025-10-17T16:18:52,518][INFO ][o.e.x.d.l.DeprecationIndexingComponent] [soc-jim] deprecation component started
[2025-10-17T16:18:52,795][INFO ][o.e.t.TransportService   ] [soc-jim] publish_address {192.168.3.2:9300}, bound_addresses {[::]:9300}
[2025-10-17T16:18:53,816][INFO ][o.e.b.BootstrapChecks    ] [soc-jim] bound or publishing to a non-loopback address, enforcing bootstrap checks
[2025-10-17T16:18:53,935][ERROR][o.e.b.Elasticsearch      ] [soc-jim] node validation exception
[1] bootstrap checks failed. You must address the points described in the following [1] lines before starting Elasticsearch. For more information see [https://www.elastic.co/guide/en/elasticsearch/reference/8.19/bootstrap-checks.html]
bootstrap check failure [1] of [1]: Transport SSL must be enabled if security is enabled. Please set [xpack.security.transport.ssl.enabled] to [true] or disable security by setting [xpack.security.enabled] to [false]; for more information see [https://www.elastic.co/guide/en/elasticsearch/reference/8.19/bootstrap-checks-xpack.html#bootstrap-checks-tls]
[2025-10-17T16:18:53,948][INFO ][o.e.n.Node               ] [soc-jim] stopping ...
[2025-10-17T16:18:53,991][INFO ][o.e.n.Node               ] [soc-jim] stopped
[2025-10-17T16:18:53,991][INFO ][o.e.n.Node               ] [soc-jim] closing ...
[2025-10-17T16:18:54,021][INFO ][o.e.n.j.JdkPosixCLibrary ] [soc-jim] Sending 10 bytes to socket
[2025-10-17T16:18:54,037][INFO ][o.e.n.Node               ] [soc-jim] closed
[2025-10-17T16:18:54,041][INFO ][o.e.x.m.p.NativeController] [soc-jim] Native controller process has stopped - no new native processes can be started
